2020-02-27 11:27:31.329  INFO 7336 --- [restartedMain] com.example.demo.Application             : Starting Application on NguyenVanLuong with PID 7336 (C:\Users\GEM\Documents\SpringProject\demoSpring\target\classes started by GEM in C:\Users\GEM\Documents\SpringProject\demoSpring)
2020-02-27 11:27:31.337  INFO 7336 --- [restartedMain] com.example.demo.Application             : No active profile set, falling back to default profiles: default
2020-02-27 11:27:31.389  INFO 7336 --- [restartedMain] .e.DevToolsPropertyDefaultsPostProcessor : Devtools property defaults active! Set 'spring.devtools.add-properties' to 'false' to disable
2020-02-27 11:27:31.390  INFO 7336 --- [restartedMain] .e.DevToolsPropertyDefaultsPostProcessor : For additional web related logging consider setting the 'logging.level.web' property to 'DEBUG'
2020-02-27 11:27:32.272  INFO 7336 --- [restartedMain] .s.d.r.c.RepositoryConfigurationDelegate : Bootstrapping Spring Data repositories in DEFAULT mode.
2020-02-27 11:27:32.380  INFO 7336 --- [restartedMain] .s.d.r.c.RepositoryConfigurationDelegate : Finished Spring Data repository scanning in 99ms. Found 1 repository interfaces.
2020-02-27 11:27:32.908  INFO 7336 --- [restartedMain] trationDelegate$BeanPostProcessorChecker : Bean 'org.springframework.transaction.annotation.ProxyTransactionManagementConfiguration' of type [org.springframework.transaction.annotation.ProxyTransactionManagementConfiguration$$EnhancerBySpringCGLIB$$63b4360d] is not eligible for getting processed by all BeanPostProcessors (for example: not eligible for auto-proxying)
2020-02-27 11:27:33.457  INFO 7336 --- [restartedMain] o.s.b.w.embedded.tomcat.TomcatWebServer  : Tomcat initialized with port(s): 9999 (http)
2020-02-27 11:27:33.486  INFO 7336 --- [restartedMain] o.apache.catalina.core.StandardService   : Starting service [Tomcat]
2020-02-27 11:27:33.487  INFO 7336 --- [restartedMain] org.apache.catalina.core.StandardEngine  : Starting Servlet engine: [Apache Tomcat/9.0.21]
2020-02-27 11:27:33.631  INFO 7336 --- [restartedMain] o.a.c.c.C.[.[localhost].[/spring.demo]   : Initializing Spring embedded WebApplicationContext
2020-02-27 11:27:33.632  INFO 7336 --- [restartedMain] o.s.web.context.ContextLoader            : Root WebApplicationContext: initialization completed in 2242 ms
2020-02-27 11:27:33.857  INFO 7336 --- [restartedMain] com.zaxxer.hikari.HikariDataSource       : HikariPool-1 - Starting...
2020-02-27 11:27:34.204  INFO 7336 --- [restartedMain] com.zaxxer.hikari.pool.PoolBase          : HikariPool-1 - Driver does not support get/set network timeout for connections. (This operation is not supported.)
2020-02-27 11:27:34.243  INFO 7336 --- [restartedMain] com.zaxxer.hikari.HikariDataSource       : HikariPool-1 - Start completed.
2020-02-27 11:27:34.764  INFO 7336 --- [restartedMain] liquibase.executor.jvm.JdbcExecutor      : select schema_name()
2020-02-27 11:27:34.765  INFO 7336 --- [restartedMain] liquibase.executor.jvm.JdbcExecutor      : SELECT CASE ServerProperty('EngineEdition')
         WHEN 1 THEN 'Personal'
         WHEN 2 THEN 'Standard'
         WHEN 3 THEN 'Enterprise'
         WHEN 4 THEN 'Express'
         WHEN 5 THEN 'Azure'
         ELSE 'Unknown'
       END
2020-02-27 11:27:34.771  INFO 7336 --- [restartedMain] liquibase.executor.jvm.JdbcExecutor      : select schema_name()
2020-02-27 11:27:34.771  INFO 7336 --- [restartedMain] liquibase.executor.jvm.JdbcExecutor      : SELECT COUNT(*) FROM DATABASECHANGELOGLOCK
2020-02-27 11:27:34.781  INFO 7336 --- [restartedMain] liquibase.executor.jvm.JdbcExecutor      : select schema_name()
2020-02-27 11:27:34.781  INFO 7336 --- [restartedMain] liquibase.executor.jvm.JdbcExecutor      : SELECT COUNT(*) FROM DATABASECHANGELOGLOCK
2020-02-27 11:27:34.781  INFO 7336 --- [restartedMain] liquibase.executor.jvm.JdbcExecutor      : select schema_name()
2020-02-27 11:27:34.791  INFO 7336 --- [restartedMain] liquibase.executor.jvm.JdbcExecutor      : SELECT LOCKED FROM DATABASECHANGELOGLOCK WHERE ID=1
2020-02-27 11:27:34.791  INFO 7336 --- [restartedMain] liquibase.executor.jvm.JdbcExecutor      : select schema_name()
2020-02-27 11:27:34.811  INFO 7336 --- [restartedMain] l.lockservice.StandardLockService        : Successfully acquired change log lock
2020-02-27 11:27:35.531  INFO 7336 --- [restartedMain] liquibase.executor.jvm.JdbcExecutor      : SELECT CONVERT([sysname], DATABASEPROPERTYEX(N'springdb', 'Collation'))
2020-02-27 11:27:35.563  INFO 7336 --- [restartedMain] liquibase.executor.jvm.JdbcExecutor      : SELECT CASE ServerProperty('EngineEdition')
         WHEN 1 THEN 'Personal'
         WHEN 2 THEN 'Standard'
         WHEN 3 THEN 'Enterprise'
         WHEN 4 THEN 'Express'
         WHEN 5 THEN 'Azure'
         ELSE 'Unknown'
       END
2020-02-27 11:27:35.645  INFO 7336 --- [restartedMain] liquibase.executor.jvm.JdbcExecutor      : select schema_name()
2020-02-27 11:27:35.646  INFO 7336 --- [restartedMain] liquibase.executor.jvm.JdbcExecutor      : SELECT TOP 1 MD5SUM FROM DATABASECHANGELOG WHERE MD5SUM IS NOT NULL
2020-02-27 11:27:35.653  INFO 7336 --- [restartedMain] liquibase.executor.jvm.JdbcExecutor      : select schema_name()
2020-02-27 11:27:35.654  INFO 7336 --- [restartedMain] liquibase.executor.jvm.JdbcExecutor      : select schema_name()
2020-02-27 11:27:35.655  INFO 7336 --- [restartedMain] liquibase.executor.jvm.JdbcExecutor      : SELECT COUNT(*) FROM DATABASECHANGELOG
2020-02-27 11:27:35.656  INFO 7336 --- [restartedMain] l.c.StandardChangeLogHistoryService      : Reading from DATABASECHANGELOG
2020-02-27 11:27:35.656  INFO 7336 --- [restartedMain] liquibase.executor.jvm.JdbcExecutor      : select schema_name()
2020-02-27 11:27:35.657  INFO 7336 --- [restartedMain] liquibase.executor.jvm.JdbcExecutor      : SELECT * FROM DATABASECHANGELOG ORDER BY DATEEXECUTED ASC, ORDEREXECUTED ASC
2020-02-27 11:27:35.675  INFO 7336 --- [restartedMain] liquibase.executor.jvm.JdbcExecutor      : select schema_name()
2020-02-27 11:27:35.678  INFO 7336 --- [restartedMain] l.lockservice.StandardLockService        : Successfully released change log lock
2020-02-27 11:27:35.812  INFO 7336 --- [restartedMain] o.hibernate.jpa.internal.util.LogHelper  : HHH000204: Processing PersistenceUnitInfo [
	name: default
	...]
2020-02-27 11:27:35.904  INFO 7336 --- [restartedMain] org.hibernate.Version                    : HHH000412: Hibernate Core {5.3.10.Final}
2020-02-27 11:27:35.906  INFO 7336 --- [restartedMain] org.hibernate.cfg.Environment            : HHH000206: hibernate.properties not found
2020-02-27 11:27:36.101  INFO 7336 --- [restartedMain] o.hibernate.annotations.common.Version   : HCANN000001: Hibernate Commons Annotations {5.0.1.Final}
2020-02-27 11:27:36.314  INFO 7336 --- [restartedMain] org.hibernate.dialect.Dialect            : HHH000400: Using dialect: org.hibernate.dialect.SQLServer2012Dialect
2020-02-27 11:27:36.769  INFO 7336 --- [restartedMain] org.hibernate.tuple.PojoInstantiator     : HHH000182: No default (no-argument) constructor for class: com.example.demo.model.domain.SysConfig (class must be instantiated by Interceptor)
2020-02-27 11:27:37.089  INFO 7336 --- [restartedMain] j.LocalContainerEntityManagerFactoryBean : Initialized JPA EntityManagerFactory for persistence unit 'default'
2020-02-27 11:27:37.797  WARN 7336 --- [restartedMain] aWebConfiguration$JpaWebMvcConfiguration : spring.jpa.open-in-view is enabled by default. Therefore, database queries may be performed during view rendering. Explicitly configure spring.jpa.open-in-view to disable this warning
2020-02-27 11:27:38.019  WARN 7336 --- [restartedMain] o.s.b.a.f.FreeMarkerAutoConfiguration    : Cannot find template location(s): [classpath:/templates/] (please add some templates, check your FreeMarker configuration, or set spring.freemarker.checkTemplateLocation=false)
2020-02-27 11:27:38.265  INFO 7336 --- [restartedMain] o.s.s.web.DefaultSecurityFilterChain     : Creating filter chain: any request, [org.springframework.security.web.context.request.async.WebAsyncManagerIntegrationFilter@23e268fb, org.springframework.security.web.context.SecurityContextPersistenceFilter@4a814479, org.springframework.security.web.header.HeaderWriterFilter@226c82fc, org.springframework.security.web.csrf.CsrfFilter@4e5a8ca, org.springframework.security.web.authentication.logout.LogoutFilter@33ddbc56, org.springframework.security.web.authentication.UsernamePasswordAuthenticationFilter@32cefec6, org.springframework.security.web.authentication.ui.DefaultLoginPageGeneratingFilter@4ccd761b, org.springframework.security.web.authentication.ui.DefaultLogoutPageGeneratingFilter@4787095d, org.springframework.security.web.authentication.www.BasicAuthenticationFilter@209af2b4, org.springframework.security.web.savedrequest.RequestCacheAwareFilter@787d7783, org.springframework.security.web.servletapi.SecurityContextHolderAwareRequestFilter@21ccb578, org.springframework.security.web.authentication.AnonymousAuthenticationFilter@7ed2188f, org.springframework.security.web.session.SessionManagementFilter@7ee3be9a, org.springframework.security.web.access.ExceptionTranslationFilter@7a7a046a, org.springframework.security.web.access.intercept.FilterSecurityInterceptor@2a68e4d3]
2020-02-27 11:27:38.294  WARN 7336 --- [restartedMain] ion$DefaultTemplateResolverConfiguration : Cannot find template location: classpath:/templates/ (please add some templates or check your Thymeleaf configuration)
2020-02-27 11:27:38.386  INFO 7336 --- [restartedMain] o.s.b.d.a.OptionalLiveReloadServer       : LiveReload server is running on port 35729
2020-02-27 11:27:38.457  INFO 7336 --- [restartedMain] o.s.b.w.embedded.tomcat.TomcatWebServer  : Tomcat started on port(s): 9999 (http) with context path '/spring.demo'
2020-02-27 11:27:38.462  INFO 7336 --- [restartedMain] com.example.demo.Application             : Started Application in 8.561 seconds (JVM running for 11.286)
2020-02-27 11:27:57.566  INFO 7336 --- [Thread-28] j.LocalContainerEntityManagerFactoryBean : Closing JPA EntityManagerFactory for persistence unit 'default'
2020-02-27 11:27:57.569  INFO 7336 --- [Thread-28] com.zaxxer.hikari.HikariDataSource       : HikariPool-1 - Shutdown initiated...
2020-02-27 11:27:57.571  INFO 7336 --- [Thread-28] com.zaxxer.hikari.HikariDataSource       : HikariPool-1 - Shutdown completed.
2020-02-27 11:28:04.141  INFO 1748 --- [restartedMain] com.example.demo.Application             : Starting Application on NguyenVanLuong with PID 1748 (C:\Users\GEM\Documents\SpringProject\demoSpring\target\classes started by GEM in C:\Users\GEM\Documents\SpringProject\demoSpring)
2020-02-27 11:28:04.141  INFO 1748 --- [restartedMain] com.example.demo.Application             : No active profile set, falling back to default profiles: default
2020-02-27 11:28:04.227  INFO 1748 --- [restartedMain] .e.DevToolsPropertyDefaultsPostProcessor : Devtools property defaults active! Set 'spring.devtools.add-properties' to 'false' to disable
2020-02-27 11:28:04.227  INFO 1748 --- [restartedMain] .e.DevToolsPropertyDefaultsPostProcessor : For additional web related logging consider setting the 'logging.level.web' property to 'DEBUG'
2020-02-27 11:28:05.136  INFO 1748 --- [restartedMain] .s.d.r.c.RepositoryConfigurationDelegate : Bootstrapping Spring Data repositories in DEFAULT mode.
2020-02-27 11:28:05.228  INFO 1748 --- [restartedMain] .s.d.r.c.RepositoryConfigurationDelegate : Finished Spring Data repository scanning in 82ms. Found 1 repository interfaces.
2020-02-27 11:28:05.702  INFO 1748 --- [restartedMain] trationDelegate$BeanPostProcessorChecker : Bean 'org.springframework.transaction.annotation.ProxyTransactionManagementConfiguration' of type [org.springframework.transaction.annotation.ProxyTransactionManagementConfiguration$$EnhancerBySpringCGLIB$$14288a0e] is not eligible for getting processed by all BeanPostProcessors (for example: not eligible for auto-proxying)
2020-02-27 11:28:06.192  INFO 1748 --- [restartedMain] o.s.b.w.embedded.tomcat.TomcatWebServer  : Tomcat initialized with port(s): 9999 (http)
2020-02-27 11:28:06.215  INFO 1748 --- [restartedMain] o.apache.catalina.core.StandardService   : Starting service [Tomcat]
2020-02-27 11:28:06.215  INFO 1748 --- [restartedMain] org.apache.catalina.core.StandardEngine  : Starting Servlet engine: [Apache Tomcat/9.0.21]
2020-02-27 11:28:06.353  INFO 1748 --- [restartedMain] o.a.c.c.C.[.[localhost].[/spring.demo]   : Initializing Spring embedded WebApplicationContext
2020-02-27 11:28:06.353  INFO 1748 --- [restartedMain] o.s.web.context.ContextLoader            : Root WebApplicationContext: initialization completed in 2125 ms
2020-02-27 11:28:06.589  INFO 1748 --- [restartedMain] com.zaxxer.hikari.HikariDataSource       : HikariPool-1 - Starting...
2020-02-27 11:28:06.882  INFO 1748 --- [restartedMain] com.zaxxer.hikari.pool.PoolBase          : HikariPool-1 - Driver does not support get/set network timeout for connections. (This operation is not supported.)
2020-02-27 11:28:06.918  INFO 1748 --- [restartedMain] com.zaxxer.hikari.HikariDataSource       : HikariPool-1 - Start completed.
2020-02-27 11:28:07.389  INFO 1748 --- [restartedMain] liquibase.executor.jvm.JdbcExecutor      : select schema_name()
2020-02-27 11:28:07.394  INFO 1748 --- [restartedMain] liquibase.executor.jvm.JdbcExecutor      : SELECT CASE ServerProperty('EngineEdition')
         WHEN 1 THEN 'Personal'
         WHEN 2 THEN 'Standard'
         WHEN 3 THEN 'Enterprise'
         WHEN 4 THEN 'Express'
         WHEN 5 THEN 'Azure'
         ELSE 'Unknown'
       END
2020-02-27 11:28:07.400  INFO 1748 --- [restartedMain] liquibase.executor.jvm.JdbcExecutor      : select schema_name()
2020-02-27 11:28:07.401  INFO 1748 --- [restartedMain] liquibase.executor.jvm.JdbcExecutor      : SELECT COUNT(*) FROM DATABASECHANGELOGLOCK
2020-02-27 11:28:07.402  INFO 1748 --- [restartedMain] liquibase.executor.jvm.JdbcExecutor      : select schema_name()
2020-02-27 11:28:07.403  INFO 1748 --- [restartedMain] liquibase.executor.jvm.JdbcExecutor      : SELECT COUNT(*) FROM DATABASECHANGELOGLOCK
2020-02-27 11:28:07.405  INFO 1748 --- [restartedMain] liquibase.executor.jvm.JdbcExecutor      : select schema_name()
2020-02-27 11:28:07.406  INFO 1748 --- [restartedMain] liquibase.executor.jvm.JdbcExecutor      : SELECT LOCKED FROM DATABASECHANGELOGLOCK WHERE ID=1
2020-02-27 11:28:07.408  INFO 1748 --- [restartedMain] liquibase.executor.jvm.JdbcExecutor      : select schema_name()
2020-02-27 11:28:07.408  INFO 1748 --- [restartedMain] l.lockservice.StandardLockService        : Successfully acquired change log lock
2020-02-27 11:28:07.977  INFO 1748 --- [restartedMain] liquibase.executor.jvm.JdbcExecutor      : SELECT CONVERT([sysname], DATABASEPROPERTYEX(N'springdb', 'Collation'))
2020-02-27 11:28:07.981  INFO 1748 --- [restartedMain] liquibase.executor.jvm.JdbcExecutor      : SELECT CASE ServerProperty('EngineEdition')
         WHEN 1 THEN 'Personal'
         WHEN 2 THEN 'Standard'
         WHEN 3 THEN 'Enterprise'
         WHEN 4 THEN 'Express'
         WHEN 5 THEN 'Azure'
         ELSE 'Unknown'
       END
2020-02-27 11:28:08.010  INFO 1748 --- [restartedMain] liquibase.executor.jvm.JdbcExecutor      : select schema_name()
2020-02-27 11:28:08.011  INFO 1748 --- [restartedMain] liquibase.executor.jvm.JdbcExecutor      : SELECT TOP 1 MD5SUM FROM DATABASECHANGELOG WHERE MD5SUM IS NOT NULL
2020-02-27 11:28:08.012  INFO 1748 --- [restartedMain] liquibase.executor.jvm.JdbcExecutor      : select schema_name()
2020-02-27 11:28:08.013  INFO 1748 --- [restartedMain] liquibase.executor.jvm.JdbcExecutor      : select schema_name()
2020-02-27 11:28:08.014  INFO 1748 --- [restartedMain] liquibase.executor.jvm.JdbcExecutor      : SELECT COUNT(*) FROM DATABASECHANGELOG
2020-02-27 11:28:08.015  INFO 1748 --- [restartedMain] l.c.StandardChangeLogHistoryService      : Reading from DATABASECHANGELOG
2020-02-27 11:28:08.015  INFO 1748 --- [restartedMain] liquibase.executor.jvm.JdbcExecutor      : select schema_name()
2020-02-27 11:28:08.016  INFO 1748 --- [restartedMain] liquibase.executor.jvm.JdbcExecutor      : SELECT * FROM DATABASECHANGELOG ORDER BY DATEEXECUTED ASC, ORDEREXECUTED ASC
2020-02-27 11:28:08.032  INFO 1748 --- [restartedMain] liquibase.executor.jvm.JdbcExecutor      : select schema_name()
2020-02-27 11:28:08.034  INFO 1748 --- [restartedMain] l.lockservice.StandardLockService        : Successfully released change log lock
2020-02-27 11:28:08.149  INFO 1748 --- [restartedMain] o.hibernate.jpa.internal.util.LogHelper  : HHH000204: Processing PersistenceUnitInfo [
	name: default
	...]
2020-02-27 11:28:08.237  INFO 1748 --- [restartedMain] org.hibernate.Version                    : HHH000412: Hibernate Core {5.3.10.Final}
2020-02-27 11:28:08.241  INFO 1748 --- [restartedMain] org.hibernate.cfg.Environment            : HHH000206: hibernate.properties not found
2020-02-27 11:28:08.466  INFO 1748 --- [restartedMain] o.hibernate.annotations.common.Version   : HCANN000001: Hibernate Commons Annotations {5.0.1.Final}
2020-02-27 11:28:08.670  INFO 1748 --- [restartedMain] org.hibernate.dialect.Dialect            : HHH000400: Using dialect: org.hibernate.dialect.SQLServer2012Dialect
2020-02-27 11:28:09.081  INFO 1748 --- [restartedMain] org.hibernate.tuple.PojoInstantiator     : HHH000182: No default (no-argument) constructor for class: com.example.demo.model.domain.SysConfig (class must be instantiated by Interceptor)
2020-02-27 11:28:09.404  INFO 1748 --- [restartedMain] j.LocalContainerEntityManagerFactoryBean : Initialized JPA EntityManagerFactory for persistence unit 'default'
2020-02-27 11:28:10.126  WARN 1748 --- [restartedMain] aWebConfiguration$JpaWebMvcConfiguration : spring.jpa.open-in-view is enabled by default. Therefore, database queries may be performed during view rendering. Explicitly configure spring.jpa.open-in-view to disable this warning
2020-02-27 11:28:10.334  WARN 1748 --- [restartedMain] o.s.b.a.f.FreeMarkerAutoConfiguration    : Cannot find template location(s): [classpath:/templates/] (please add some templates, check your FreeMarker configuration, or set spring.freemarker.checkTemplateLocation=false)
2020-02-27 11:28:10.599  INFO 1748 --- [restartedMain] o.s.s.web.DefaultSecurityFilterChain     : Creating filter chain: any request, [org.springframework.security.web.context.request.async.WebAsyncManagerIntegrationFilter@75bdbee, org.springframework.security.web.context.SecurityContextPersistenceFilter@7beb1700, org.springframework.security.web.header.HeaderWriterFilter@1dc55d74, org.springframework.security.web.csrf.CsrfFilter@753779ef, org.springframework.security.web.authentication.logout.LogoutFilter@22fdfaca, org.springframework.security.web.authentication.UsernamePasswordAuthenticationFilter@322d695e, org.springframework.security.web.authentication.ui.DefaultLoginPageGeneratingFilter@1f0d7640, org.springframework.security.web.authentication.ui.DefaultLogoutPageGeneratingFilter@4f8cfbe0, org.springframework.security.web.authentication.www.BasicAuthenticationFilter@6cc84ddd, org.springframework.security.web.savedrequest.RequestCacheAwareFilter@44776a2e, org.springframework.security.web.servletapi.SecurityContextHolderAwareRequestFilter@384549e8, org.springframework.security.web.authentication.AnonymousAuthenticationFilter@2061d4b8, org.springframework.security.web.session.SessionManagementFilter@221212e6, org.springframework.security.web.access.ExceptionTranslationFilter@b2ff045, org.springframework.security.web.access.intercept.FilterSecurityInterceptor@449613c1]
2020-02-27 11:28:10.615  WARN 1748 --- [restartedMain] ion$DefaultTemplateResolverConfiguration : Cannot find template location: classpath:/templates/ (please add some templates or check your Thymeleaf configuration)
2020-02-27 11:28:10.701  INFO 1748 --- [restartedMain] o.s.b.d.a.OptionalLiveReloadServer       : LiveReload server is running on port 35729
2020-02-27 11:28:10.768  INFO 1748 --- [restartedMain] o.s.b.w.embedded.tomcat.TomcatWebServer  : Tomcat started on port(s): 9999 (http) with context path '/spring.demo'
2020-02-27 11:28:10.773  INFO 1748 --- [restartedMain] com.example.demo.Application             : Started Application in 7.834 seconds (JVM running for 9.126)
2020-02-27 11:28:30.696  INFO 1748 --- [Thread-24] j.LocalContainerEntityManagerFactoryBean : Closing JPA EntityManagerFactory for persistence unit 'default'
2020-02-27 11:28:30.700  INFO 1748 --- [Thread-24] com.zaxxer.hikari.HikariDataSource       : HikariPool-1 - Shutdown initiated...
2020-02-27 11:28:30.702  INFO 1748 --- [Thread-24] com.zaxxer.hikari.HikariDataSource       : HikariPool-1 - Shutdown completed.
2020-02-27 11:28:31.416  INFO 1748 --- [restartedMain] com.example.demo.Application             : Starting Application on NguyenVanLuong with PID 1748 (C:\Users\GEM\Documents\SpringProject\demoSpring\target\classes started by GEM in C:\Users\GEM\Documents\SpringProject\demoSpring)
2020-02-27 11:28:31.417  INFO 1748 --- [restartedMain] com.example.demo.Application             : No active profile set, falling back to default profiles: default
2020-02-27 11:28:31.880  INFO 1748 --- [restartedMain] .s.d.r.c.RepositoryConfigurationDelegate : Bootstrapping Spring Data repositories in DEFAULT mode.
2020-02-27 11:28:31.920  INFO 1748 --- [restartedMain] .s.d.r.c.RepositoryConfigurationDelegate : Finished Spring Data repository scanning in 39ms. Found 1 repository interfaces.
2020-02-27 11:28:32.081  INFO 1748 --- [restartedMain] trationDelegate$BeanPostProcessorChecker : Bean 'org.springframework.transaction.annotation.ProxyTransactionManagementConfiguration' of type [org.springframework.transaction.annotation.ProxyTransactionManagementConfiguration$$EnhancerBySpringCGLIB$$14288a0e] is not eligible for getting processed by all BeanPostProcessors (for example: not eligible for auto-proxying)
2020-02-27 11:28:32.305  INFO 1748 --- [restartedMain] o.s.b.w.embedded.tomcat.TomcatWebServer  : Tomcat initialized with port(s): 9999 (http)
2020-02-27 11:28:32.313  INFO 1748 --- [restartedMain] o.apache.catalina.core.StandardService   : Starting service [Tomcat]
2020-02-27 11:28:32.313  INFO 1748 --- [restartedMain] org.apache.catalina.core.StandardEngine  : Starting Servlet engine: [Apache Tomcat/9.0.21]
2020-02-27 11:28:32.344  INFO 1748 --- [restartedMain] o.a.c.c.C.[.[localhost].[/spring.demo]   : Initializing Spring embedded WebApplicationContext
2020-02-27 11:28:32.344  INFO 1748 --- [restartedMain] o.s.web.context.ContextLoader            : Root WebApplicationContext: initialization completed in 924 ms
2020-02-27 11:28:32.394  INFO 1748 --- [restartedMain] com.zaxxer.hikari.HikariDataSource       : HikariPool-2 - Starting...
2020-02-27 11:28:32.413  INFO 1748 --- [restartedMain] com.zaxxer.hikari.pool.PoolBase          : HikariPool-2 - Driver does not support get/set network timeout for connections. (This operation is not supported.)
2020-02-27 11:28:32.414  INFO 1748 --- [restartedMain] com.zaxxer.hikari.HikariDataSource       : HikariPool-2 - Start completed.
2020-02-27 11:28:32.558  INFO 1748 --- [restartedMain] liquibase.executor.jvm.JdbcExecutor      : select schema_name()
2020-02-27 11:28:32.559  INFO 1748 --- [restartedMain] liquibase.executor.jvm.JdbcExecutor      : SELECT CASE ServerProperty('EngineEdition')
         WHEN 1 THEN 'Personal'
         WHEN 2 THEN 'Standard'
         WHEN 3 THEN 'Enterprise'
         WHEN 4 THEN 'Express'
         WHEN 5 THEN 'Azure'
         ELSE 'Unknown'
       END
2020-02-27 11:28:32.561  INFO 1748 --- [restartedMain] liquibase.executor.jvm.JdbcExecutor      : select schema_name()
2020-02-27 11:28:32.561  INFO 1748 --- [restartedMain] liquibase.executor.jvm.JdbcExecutor      : SELECT COUNT(*) FROM DATABASECHANGELOGLOCK
2020-02-27 11:28:32.563  INFO 1748 --- [restartedMain] liquibase.executor.jvm.JdbcExecutor      : select schema_name()
2020-02-27 11:28:32.563  INFO 1748 --- [restartedMain] liquibase.executor.jvm.JdbcExecutor      : SELECT COUNT(*) FROM DATABASECHANGELOGLOCK
2020-02-27 11:28:32.564  INFO 1748 --- [restartedMain] liquibase.executor.jvm.JdbcExecutor      : select schema_name()
2020-02-27 11:28:32.564  INFO 1748 --- [restartedMain] liquibase.executor.jvm.JdbcExecutor      : SELECT LOCKED FROM DATABASECHANGELOGLOCK WHERE ID=1
2020-02-27 11:28:32.565  INFO 1748 --- [restartedMain] liquibase.executor.jvm.JdbcExecutor      : select schema_name()
2020-02-27 11:28:32.569  INFO 1748 --- [restartedMain] l.lockservice.StandardLockService        : Successfully acquired change log lock
2020-02-27 11:28:32.595  INFO 1748 --- [restartedMain] liquibase.executor.jvm.JdbcExecutor      : SELECT CONVERT([sysname], DATABASEPROPERTYEX(N'springdb', 'Collation'))
2020-02-27 11:28:32.609  INFO 1748 --- [restartedMain] liquibase.executor.jvm.JdbcExecutor      : SELECT CASE ServerProperty('EngineEdition')
         WHEN 1 THEN 'Personal'
         WHEN 2 THEN 'Standard'
         WHEN 3 THEN 'Enterprise'
         WHEN 4 THEN 'Express'
         WHEN 5 THEN 'Azure'
         ELSE 'Unknown'
       END
2020-02-27 11:28:32.652  INFO 1748 --- [restartedMain] liquibase.executor.jvm.JdbcExecutor      : select schema_name()
2020-02-27 11:28:32.652  INFO 1748 --- [restartedMain] liquibase.executor.jvm.JdbcExecutor      : SELECT TOP 1 MD5SUM FROM DATABASECHANGELOG WHERE MD5SUM IS NOT NULL
2020-02-27 11:28:32.653  INFO 1748 --- [restartedMain] liquibase.executor.jvm.JdbcExecutor      : select schema_name()
2020-02-27 11:28:32.654  INFO 1748 --- [restartedMain] liquibase.executor.jvm.JdbcExecutor      : select schema_name()
2020-02-27 11:28:32.655  INFO 1748 --- [restartedMain] liquibase.executor.jvm.JdbcExecutor      : SELECT COUNT(*) FROM DATABASECHANGELOG
2020-02-27 11:28:32.656  INFO 1748 --- [restartedMain] l.c.StandardChangeLogHistoryService      : Reading from DATABASECHANGELOG
2020-02-27 11:28:32.656  INFO 1748 --- [restartedMain] liquibase.executor.jvm.JdbcExecutor      : select schema_name()
2020-02-27 11:28:32.657  INFO 1748 --- [restartedMain] liquibase.executor.jvm.JdbcExecutor      : SELECT * FROM DATABASECHANGELOG ORDER BY DATEEXECUTED ASC, ORDEREXECUTED ASC
2020-02-27 11:28:32.664  INFO 1748 --- [restartedMain] liquibase.executor.jvm.JdbcExecutor      : select schema_name()
2020-02-27 11:28:32.667  INFO 1748 --- [restartedMain] l.lockservice.StandardLockService        : Successfully released change log lock
2020-02-27 11:28:32.701  INFO 1748 --- [restartedMain] o.hibernate.jpa.internal.util.LogHelper  : HHH000204: Processing PersistenceUnitInfo [
	name: default
	...]
2020-02-27 11:28:32.717  INFO 1748 --- [restartedMain] org.hibernate.dialect.Dialect            : HHH000400: Using dialect: org.hibernate.dialect.SQLServer2012Dialect
2020-02-27 11:28:32.753  INFO 1748 --- [restartedMain] org.hibernate.tuple.PojoInstantiator     : HHH000182: No default (no-argument) constructor for class: com.example.demo.model.domain.SysConfig (class must be instantiated by Interceptor)
2020-02-27 11:28:32.790  INFO 1748 --- [restartedMain] j.LocalContainerEntityManagerFactoryBean : Initialized JPA EntityManagerFactory for persistence unit 'default'
2020-02-27 11:28:32.912  WARN 1748 --- [restartedMain] aWebConfiguration$JpaWebMvcConfiguration : spring.jpa.open-in-view is enabled by default. Therefore, database queries may be performed during view rendering. Explicitly configure spring.jpa.open-in-view to disable this warning
2020-02-27 11:28:32.955  WARN 1748 --- [restartedMain] o.s.b.a.f.FreeMarkerAutoConfiguration    : Cannot find template location(s): [classpath:/templates/] (please add some templates, check your FreeMarker configuration, or set spring.freemarker.checkTemplateLocation=false)
2020-02-27 11:28:33.000  INFO 1748 --- [restartedMain] o.s.s.web.DefaultSecurityFilterChain     : Creating filter chain: any request, [org.springframework.security.web.context.request.async.WebAsyncManagerIntegrationFilter@7f39d00f, org.springframework.security.web.context.SecurityContextPersistenceFilter@6868ef1a, org.springframework.security.web.header.HeaderWriterFilter@31a85d44, org.springframework.security.web.csrf.CsrfFilter@ec25258, org.springframework.security.web.authentication.logout.LogoutFilter@1ac85a81, org.springframework.security.web.authentication.UsernamePasswordAuthenticationFilter@7bd9c180, org.springframework.security.web.authentication.ui.DefaultLoginPageGeneratingFilter@35f7631a, org.springframework.security.web.authentication.ui.DefaultLogoutPageGeneratingFilter@2fa45a83, org.springframework.security.web.authentication.www.BasicAuthenticationFilter@5502d015, org.springframework.security.web.savedrequest.RequestCacheAwareFilter@132dff82, org.springframework.security.web.servletapi.SecurityContextHolderAwareRequestFilter@609cc2de, org.springframework.security.web.authentication.AnonymousAuthenticationFilter@1a445b36, org.springframework.security.web.session.SessionManagementFilter@74242354, org.springframework.security.web.access.ExceptionTranslationFilter@67a393b6, org.springframework.security.web.access.intercept.FilterSecurityInterceptor@36ccc033]
2020-02-27 11:28:33.013  WARN 1748 --- [restartedMain] ion$DefaultTemplateResolverConfiguration : Cannot find template location: classpath:/templates/ (please add some templates or check your Thymeleaf configuration)
2020-02-27 11:28:33.036  INFO 1748 --- [restartedMain] o.s.b.d.a.OptionalLiveReloadServer       : LiveReload server is running on port 35729
2020-02-27 11:28:33.069  INFO 1748 --- [restartedMain] o.s.b.w.embedded.tomcat.TomcatWebServer  : Tomcat started on port(s): 9999 (http) with context path '/spring.demo'
2020-02-27 11:28:33.070  INFO 1748 --- [restartedMain] com.example.demo.Application             : Started Application in 1.989 seconds (JVM running for 31.423)
2020-02-27 11:28:33.079  INFO 1748 --- [SimpleAsyncTaskExecutor-24] .ConditionEvaluationDeltaLoggingListener : Condition evaluation unchanged
2020-02-27 11:45:36.200  INFO 1748 --- [Thread-32] j.LocalContainerEntityManagerFactoryBean : Closing JPA EntityManagerFactory for persistence unit 'default'
2020-02-27 11:45:36.201  INFO 1748 --- [Thread-32] com.zaxxer.hikari.HikariDataSource       : HikariPool-2 - Shutdown initiated...
2020-02-27 11:45:36.203  INFO 1748 --- [Thread-32] com.zaxxer.hikari.HikariDataSource       : HikariPool-2 - Shutdown completed.
2020-02-27 11:45:36.885  INFO 1748 --- [restartedMain] com.example.demo.Application             : Starting Application on NguyenVanLuong with PID 1748 (C:\Users\GEM\Documents\SpringProject\demoSpring\target\classes started by GEM in C:\Users\GEM\Documents\SpringProject\demoSpring)
2020-02-27 11:45:36.885  INFO 1748 --- [restartedMain] com.example.demo.Application             : No active profile set, falling back to default profiles: default
2020-02-27 11:45:37.295  INFO 1748 --- [restartedMain] .s.d.r.c.RepositoryConfigurationDelegate : Bootstrapping Spring Data repositories in DEFAULT mode.
2020-02-27 11:45:37.329  INFO 1748 --- [restartedMain] .s.d.r.c.RepositoryConfigurationDelegate : Finished Spring Data repository scanning in 33ms. Found 1 repository interfaces.
2020-02-27 11:45:37.460  INFO 1748 --- [restartedMain] trationDelegate$BeanPostProcessorChecker : Bean 'org.springframework.transaction.annotation.ProxyTransactionManagementConfiguration' of type [org.springframework.transaction.annotation.ProxyTransactionManagementConfiguration$$EnhancerBySpringCGLIB$$14288a0e] is not eligible for getting processed by all BeanPostProcessors (for example: not eligible for auto-proxying)
2020-02-27 11:45:37.675  INFO 1748 --- [restartedMain] o.s.b.w.embedded.tomcat.TomcatWebServer  : Tomcat initialized with port(s): 9999 (http)
2020-02-27 11:45:37.690  INFO 1748 --- [restartedMain] o.apache.catalina.core.StandardService   : Starting service [Tomcat]
2020-02-27 11:45:37.690  INFO 1748 --- [restartedMain] org.apache.catalina.core.StandardEngine  : Starting Servlet engine: [Apache Tomcat/9.0.21]
2020-02-27 11:45:37.723  INFO 1748 --- [restartedMain] o.a.c.c.C.[.[localhost].[/spring.demo]   : Initializing Spring embedded WebApplicationContext
2020-02-27 11:45:37.724  INFO 1748 --- [restartedMain] o.s.web.context.ContextLoader            : Root WebApplicationContext: initialization completed in 836 ms
2020-02-27 11:45:37.794  INFO 1748 --- [restartedMain] com.zaxxer.hikari.HikariDataSource       : HikariPool-3 - Starting...
2020-02-27 11:45:37.816  INFO 1748 --- [restartedMain] com.zaxxer.hikari.pool.PoolBase          : HikariPool-3 - Driver does not support get/set network timeout for connections. (This operation is not supported.)
2020-02-27 11:45:37.818  INFO 1748 --- [restartedMain] com.zaxxer.hikari.HikariDataSource       : HikariPool-3 - Start completed.
2020-02-27 11:45:38.019  INFO 1748 --- [restartedMain] liquibase.executor.jvm.JdbcExecutor      : select schema_name()
2020-02-27 11:45:38.020  INFO 1748 --- [restartedMain] liquibase.executor.jvm.JdbcExecutor      : SELECT CASE ServerProperty('EngineEdition')
         WHEN 1 THEN 'Personal'
         WHEN 2 THEN 'Standard'
         WHEN 3 THEN 'Enterprise'
         WHEN 4 THEN 'Express'
         WHEN 5 THEN 'Azure'
         ELSE 'Unknown'
       END
2020-02-27 11:45:38.022  INFO 1748 --- [restartedMain] liquibase.executor.jvm.JdbcExecutor      : select schema_name()
2020-02-27 11:45:38.023  INFO 1748 --- [restartedMain] liquibase.executor.jvm.JdbcExecutor      : SELECT COUNT(*) FROM DATABASECHANGELOGLOCK
2020-02-27 11:45:38.026  INFO 1748 --- [restartedMain] liquibase.executor.jvm.JdbcExecutor      : select schema_name()
2020-02-27 11:45:38.027  INFO 1748 --- [restartedMain] liquibase.executor.jvm.JdbcExecutor      : SELECT COUNT(*) FROM DATABASECHANGELOGLOCK
2020-02-27 11:45:38.028  INFO 1748 --- [restartedMain] liquibase.executor.jvm.JdbcExecutor      : select schema_name()
2020-02-27 11:45:38.029  INFO 1748 --- [restartedMain] liquibase.executor.jvm.JdbcExecutor      : SELECT LOCKED FROM DATABASECHANGELOGLOCK WHERE ID=1
2020-02-27 11:45:38.031  INFO 1748 --- [restartedMain] liquibase.executor.jvm.JdbcExecutor      : select schema_name()
2020-02-27 11:45:38.034  INFO 1748 --- [restartedMain] l.lockservice.StandardLockService        : Successfully acquired change log lock
2020-02-27 11:45:38.060  INFO 1748 --- [restartedMain] liquibase.executor.jvm.JdbcExecutor      : SELECT CONVERT([sysname], DATABASEPROPERTYEX(N'springdb', 'Collation'))
2020-02-27 11:45:38.077  INFO 1748 --- [restartedMain] liquibase.executor.jvm.JdbcExecutor      : SELECT CASE ServerProperty('EngineEdition')
         WHEN 1 THEN 'Personal'
         WHEN 2 THEN 'Standard'
         WHEN 3 THEN 'Enterprise'
         WHEN 4 THEN 'Express'
         WHEN 5 THEN 'Azure'
         ELSE 'Unknown'
       END
2020-02-27 11:45:38.126  INFO 1748 --- [restartedMain] liquibase.executor.jvm.JdbcExecutor      : select schema_name()
2020-02-27 11:45:38.127  INFO 1748 --- [restartedMain] liquibase.executor.jvm.JdbcExecutor      : SELECT TOP 1 MD5SUM FROM DATABASECHANGELOG WHERE MD5SUM IS NOT NULL
2020-02-27 11:45:38.128  INFO 1748 --- [restartedMain] liquibase.executor.jvm.JdbcExecutor      : select schema_name()
2020-02-27 11:45:38.129  INFO 1748 --- [restartedMain] liquibase.executor.jvm.JdbcExecutor      : select schema_name()
2020-02-27 11:45:38.130  INFO 1748 --- [restartedMain] liquibase.executor.jvm.JdbcExecutor      : SELECT COUNT(*) FROM DATABASECHANGELOG
2020-02-27 11:45:38.131  INFO 1748 --- [restartedMain] l.c.StandardChangeLogHistoryService      : Reading from DATABASECHANGELOG
2020-02-27 11:45:38.131  INFO 1748 --- [restartedMain] liquibase.executor.jvm.JdbcExecutor      : select schema_name()
2020-02-27 11:45:38.132  INFO 1748 --- [restartedMain] liquibase.executor.jvm.JdbcExecutor      : SELECT * FROM DATABASECHANGELOG ORDER BY DATEEXECUTED ASC, ORDEREXECUTED ASC
2020-02-27 11:45:38.138  INFO 1748 --- [restartedMain] liquibase.executor.jvm.JdbcExecutor      : select schema_name()
2020-02-27 11:45:38.140  INFO 1748 --- [restartedMain] l.lockservice.StandardLockService        : Successfully released change log lock
2020-02-27 11:45:38.171  INFO 1748 --- [restartedMain] o.hibernate.jpa.internal.util.LogHelper  : HHH000204: Processing PersistenceUnitInfo [
	name: default
	...]
2020-02-27 11:45:38.188  INFO 1748 --- [restartedMain] org.hibernate.dialect.Dialect            : HHH000400: Using dialect: org.hibernate.dialect.SQLServer2012Dialect
2020-02-27 11:45:38.229  INFO 1748 --- [restartedMain] org.hibernate.tuple.PojoInstantiator     : HHH000182: No default (no-argument) constructor for class: com.example.demo.model.domain.SysConfig (class must be instantiated by Interceptor)
2020-02-27 11:45:38.246  INFO 1748 --- [restartedMain] j.LocalContainerEntityManagerFactoryBean : Initialized JPA EntityManagerFactory for persistence unit 'default'
2020-02-27 11:45:38.363  WARN 1748 --- [restartedMain] aWebConfiguration$JpaWebMvcConfiguration : spring.jpa.open-in-view is enabled by default. Therefore, database queries may be performed during view rendering. Explicitly configure spring.jpa.open-in-view to disable this warning
2020-02-27 11:45:38.403  WARN 1748 --- [restartedMain] o.s.b.a.f.FreeMarkerAutoConfiguration    : Cannot find template location(s): [classpath:/templates/] (please add some templates, check your FreeMarker configuration, or set spring.freemarker.checkTemplateLocation=false)
2020-02-27 11:45:38.447  INFO 1748 --- [restartedMain] o.s.s.web.DefaultSecurityFilterChain     : Creating filter chain: any request, [org.springframework.security.web.context.request.async.WebAsyncManagerIntegrationFilter@682247b9, org.springframework.security.web.context.SecurityContextPersistenceFilter@255dfa2e, org.springframework.security.web.header.HeaderWriterFilter@57e3ac9, org.springframework.security.web.csrf.CsrfFilter@61d70576, org.springframework.security.web.authentication.logout.LogoutFilter@38b8b7fc, org.springframework.security.web.authentication.UsernamePasswordAuthenticationFilter@638ee5bf, org.springframework.security.web.authentication.ui.DefaultLoginPageGeneratingFilter@72febf07, org.springframework.security.web.authentication.ui.DefaultLogoutPageGeneratingFilter@6bde93d, org.springframework.security.web.authentication.www.BasicAuthenticationFilter@29c0b68c, org.springframework.security.web.savedrequest.RequestCacheAwareFilter@3f004c69, org.springframework.security.web.servletapi.SecurityContextHolderAwareRequestFilter@4b5c9132, org.springframework.security.web.authentication.AnonymousAuthenticationFilter@128a5748, org.springframework.security.web.session.SessionManagementFilter@7cf8bc72, org.springframework.security.web.access.ExceptionTranslationFilter@63af3d19, org.springframework.security.web.access.intercept.FilterSecurityInterceptor@50e7c2d2]
2020-02-27 11:45:38.458  WARN 1748 --- [restartedMain] ion$DefaultTemplateResolverConfiguration : Cannot find template location: classpath:/templates/ (please add some templates or check your Thymeleaf configuration)
2020-02-27 11:45:38.482  INFO 1748 --- [restartedMain] o.s.b.d.a.OptionalLiveReloadServer       : LiveReload server is running on port 35729
2020-02-27 11:45:38.511  INFO 1748 --- [restartedMain] o.s.b.w.embedded.tomcat.TomcatWebServer  : Tomcat started on port(s): 9999 (http) with context path '/spring.demo'
2020-02-27 11:45:38.512  INFO 1748 --- [restartedMain] com.example.demo.Application             : Started Application in 1.968 seconds (JVM running for 1056.865)
2020-02-27 11:45:38.517  INFO 1748 --- [SimpleAsyncTaskExecutor-24] .ConditionEvaluationDeltaLoggingListener : Condition evaluation unchanged
